<?xml version="1.0" encoding="UTF-8"?>
<!-- Generated by org.testng.reporters.JUnitReportReporter -->
<testsuite hostname="DESKTOP-5KDA0G4" failures="0" tests="1" name="tests.ProductSearchTest" time="20.732" errors="0" timestamp="2024-08-26T22:49:53 IST" skipped="0">
  <testcase classname="tests.ProductSearchTest" name="searchAndFilterProducts" time="20.732"/>
  <system-out/>
</testsuite> <!-- tests.ProductSearchTest -->
